Starting Dapr with id tapr-2023-equipe4-matricula-java. HTTP Port: 41897. gRPC Port: 33235
Updating metadata for cliPID: 61750
time="2023-12-01T01:05:03.659983667Z" level=info msg="Starting Dapr Runtime -- version 1.12.2 -- commit f954254ed520409602024ea6d507d0405afa1f07" app_id=tapr-2023-equipe4-matricula-java instance=codespaces-ee95ce scope=dapr.runtime type=log ver=1.12.2
time="2023-12-01T01:05:03.660020606Z" level=info msg="Log level set to: info" app_id=tapr-2023-equipe4-matricula-java instance=codespaces-ee95ce scope=dapr.runtime type=log ver=1.12.2
time="2023-12-01T01:05:03.660500029Z" level=warning msg="mTLS is disabled. Skipping certificate request and tls validation" app_id=tapr-2023-equipe4-matricula-java instance=codespaces-ee95ce scope=dapr.runtime.security type=log ver=1.12.2
time="2023-12-01T01:05:03.677263503Z" level=info msg="standalone mode configured" app_id=tapr-2023-equipe4-matricula-java instance=codespaces-ee95ce scope=dapr.runtime type=log ver=1.12.2
time="2023-12-01T01:05:03.677805162Z" level=info msg="app id: tapr-2023-equipe4-matricula-java" app_id=tapr-2023-equipe4-matricula-java instance=codespaces-ee95ce scope=dapr.runtime type=log ver=1.12.2
time="2023-12-01T01:05:03.677891823Z" level=info msg="Dapr trace sampler initialized: DaprTraceSampler(P=1.000000)" app_id=tapr-2023-equipe4-matricula-java instance=codespaces-ee95ce scope=dapr.runtime type=log ver=1.12.2
time="2023-12-01T01:05:03.677487489Z" level=info msg="metrics server started on :35279/" app_id=tapr-2023-equipe4-matricula-java instance=codespaces-ee95ce scope=dapr.runtime type=log ver=1.12.2
time="2023-12-01T01:05:03.694788996Z" level=info msg="local service entry announced: tapr-2023-equipe4-matricula-java -> 172.16.5.4:44137" app_id=tapr-2023-equipe4-matricula-java component="mdns (nameResolution/v1)" instance=codespaces-ee95ce scope=dapr.contrib type=log ver=1.12.2
time="2023-12-01T01:05:03.694845421Z" level=info msg="Initialized name resolution to mdns" app_id=tapr-2023-equipe4-matricula-java instance=codespaces-ee95ce scope=dapr.runtime type=log ver=1.12.2
time="2023-12-01T01:05:03.69495221Z" level=info msg="Loading components…" app_id=tapr-2023-equipe4-matricula-java instance=codespaces-ee95ce scope=dapr.runtime type=log ver=1.12.2
time="2023-12-01T01:05:03.696687727Z" level=info msg="Waiting for all outstanding components to be processed…" app_id=tapr-2023-equipe4-matricula-java instance=codespaces-ee95ce scope=dapr.runtime type=log ver=1.12.2
time="2023-12-01T01:05:06.700942598Z" level=info msg="Component loaded: servicebus-pubsub (pubsub.azure.servicebus.topics/v1)" app_id=tapr-2023-equipe4-matricula-java instance=codespaces-ee95ce scope=dapr.runtime type=log ver=1.12.2
time="2023-12-01T01:05:06.701005205Z" level=info msg="All outstanding components processed" app_id=tapr-2023-equipe4-matricula-java instance=codespaces-ee95ce scope=dapr.runtime type=log ver=1.12.2
time="2023-12-01T01:05:06.701027717Z" level=info msg="Loading endpoints…" app_id=tapr-2023-equipe4-matricula-java instance=codespaces-ee95ce scope=dapr.runtime type=log ver=1.12.2
time="2023-12-01T01:05:06.701283604Z" level=info msg="Waiting for all outstanding http endpoints to be processed…" app_id=tapr-2023-equipe4-matricula-java instance=codespaces-ee95ce scope=dapr.runtime type=log ver=1.12.2
time="2023-12-01T01:05:06.701310755Z" level=info msg="All outstanding http endpoints processed" app_id=tapr-2023-equipe4-matricula-java instance=codespaces-ee95ce scope=dapr.runtime type=log ver=1.12.2
time="2023-12-01T01:05:06.7014152Z" level=info msg="gRPC server listening on TCP address: :33235" app_id=tapr-2023-equipe4-matricula-java instance=codespaces-ee95ce scope=dapr.runtime.grpc.api type=log ver=1.12.2
time="2023-12-01T01:05:06.701444615Z" level=info msg="Enabled gRPC tracing middleware" app_id=tapr-2023-equipe4-matricula-java instance=codespaces-ee95ce scope=dapr.runtime.grpc.api type=log ver=1.12.2
time="2023-12-01T01:05:06.701461526Z" level=info msg="Enabled gRPC metrics middleware" app_id=tapr-2023-equipe4-matricula-java instance=codespaces-ee95ce scope=dapr.runtime.grpc.api type=log ver=1.12.2
time="2023-12-01T01:05:06.701563446Z" level=info msg="Registering workflow engine for gRPC endpoint: [::]:33235" app_id=tapr-2023-equipe4-matricula-java instance=codespaces-ee95ce scope=dapr.runtime.grpc.api type=log ver=1.12.2
time="2023-12-01T01:05:06.70197826Z" level=info msg="API gRPC server is running on port 33235" app_id=tapr-2023-equipe4-matricula-java instance=codespaces-ee95ce scope=dapr.runtime type=log ver=1.12.2
time="2023-12-01T01:05:06.703078792Z" level=info msg="Enabled max body size HTTP middleware with size 4 MB" app_id=tapr-2023-equipe4-matricula-java instance=codespaces-ee95ce scope=dapr.runtime.http type=log ver=1.12.2
time="2023-12-01T01:05:06.703113647Z" level=info msg="Enabled tracing HTTP middleware" app_id=tapr-2023-equipe4-matricula-java instance=codespaces-ee95ce scope=dapr.runtime.http type=log ver=1.12.2
time="2023-12-01T01:05:06.703135748Z" level=info msg="Enabled metrics HTTP middleware" app_id=tapr-2023-equipe4-matricula-java instance=codespaces-ee95ce scope=dapr.runtime.http type=log ver=1.12.2
time="2023-12-01T01:05:06.703992466Z" level=info msg="HTTP server listening on TCP address: :41897" app_id=tapr-2023-equipe4-matricula-java instance=codespaces-ee95ce scope=dapr.runtime.http type=log ver=1.12.2
time="2023-12-01T01:05:06.704040957Z" level=info msg="HTTP server is running on port 41897" app_id=tapr-2023-equipe4-matricula-java instance=codespaces-ee95ce scope=dapr.runtime type=log ver=1.12.2
time="2023-12-01T01:05:06.704060763Z" level=info msg="The request body size parameter is: 4" app_id=tapr-2023-equipe4-matricula-java instance=codespaces-ee95ce scope=dapr.runtime type=log ver=1.12.2
time="2023-12-01T01:05:06.704103162Z" level=info msg="gRPC server listening on TCP address: :44137" app_id=tapr-2023-equipe4-matricula-java instance=codespaces-ee95ce scope=dapr.runtime.grpc.internal type=log ver=1.12.2
time="2023-12-01T01:05:06.704137607Z" level=info msg="Enabled gRPC tracing middleware" app_id=tapr-2023-equipe4-matricula-java instance=codespaces-ee95ce scope=dapr.runtime.grpc.internal type=log ver=1.12.2
time="2023-12-01T01:05:06.704152705Z" level=info msg="Enabled gRPC metrics middleware" app_id=tapr-2023-equipe4-matricula-java instance=codespaces-ee95ce scope=dapr.runtime.grpc.internal type=log ver=1.12.2
time="2023-12-01T01:05:06.704189684Z" level=info msg="Internal gRPC server is running on port 44137" app_id=tapr-2023-equipe4-matricula-java instance=codespaces-ee95ce scope=dapr.runtime type=log ver=1.12.2
time="2023-12-01T01:05:06.704269192Z" level=info msg="application protocol: http. waiting on port 8080.  This will block until the app is listening on that port." app_id=tapr-2023-equipe4-matricula-java instance=codespaces-ee95ce scope=dapr.runtime type=log ver=1.12.2
Updating metadata for app command: java -jar microservmatricula-0.0.1-SNAPSHOT.jar
Updating metadata for appPID: 61864
You're up and running! Dapr logs will appear here.

