Starting Dapr with id tapr-2023-equipe4-matricula-java. HTTP Port: 41863. gRPC Port: 45295
Updating metadata for cliPID: 65494
time="2023-12-03T02:56:52.502118146Z" level=info msg="Starting Dapr Runtime -- version 1.12.2 -- commit f954254ed520409602024ea6d507d0405afa1f07" app_id=tapr-2023-equipe4-matricula-java instance=codespaces-ee95ce scope=dapr.runtime type=log ver=1.12.2
time="2023-12-03T02:56:52.502180763Z" level=info msg="Log level set to: info" app_id=tapr-2023-equipe4-matricula-java instance=codespaces-ee95ce scope=dapr.runtime type=log ver=1.12.2
time="2023-12-03T02:56:52.502424567Z" level=warning msg="mTLS is disabled. Skipping certificate request and tls validation" app_id=tapr-2023-equipe4-matricula-java instance=codespaces-ee95ce scope=dapr.runtime.security type=log ver=1.12.2
time="2023-12-03T02:56:52.503948278Z" level=info msg="metrics server started on :36957/" app_id=tapr-2023-equipe4-matricula-java instance=codespaces-ee95ce scope=dapr.runtime type=log ver=1.12.2
time="2023-12-03T02:56:52.504210387Z" level=info msg="standalone mode configured" app_id=tapr-2023-equipe4-matricula-java instance=codespaces-ee95ce scope=dapr.runtime type=log ver=1.12.2
time="2023-12-03T02:56:52.504261332Z" level=info msg="app id: tapr-2023-equipe4-matricula-java" app_id=tapr-2023-equipe4-matricula-java instance=codespaces-ee95ce scope=dapr.runtime type=log ver=1.12.2
time="2023-12-03T02:56:52.504332725Z" level=info msg="Dapr trace sampler initialized: DaprTraceSampler(P=1.000000)" app_id=tapr-2023-equipe4-matricula-java instance=codespaces-ee95ce scope=dapr.runtime type=log ver=1.12.2
time="2023-12-03T02:56:52.504690843Z" level=info msg="local service entry announced: tapr-2023-equipe4-matricula-java -> 172.16.5.4:45317" app_id=tapr-2023-equipe4-matricula-java component="mdns (nameResolution/v1)" instance=codespaces-ee95ce scope=dapr.contrib type=log ver=1.12.2
time="2023-12-03T02:56:52.504734304Z" level=info msg="Initialized name resolution to mdns" app_id=tapr-2023-equipe4-matricula-java instance=codespaces-ee95ce scope=dapr.runtime type=log ver=1.12.2
time="2023-12-03T02:56:52.504808773Z" level=info msg="Loading components…" app_id=tapr-2023-equipe4-matricula-java instance=codespaces-ee95ce scope=dapr.runtime type=log ver=1.12.2
time="2023-12-03T02:56:52.505452513Z" level=info msg="Waiting for all outstanding components to be processed…" app_id=tapr-2023-equipe4-matricula-java instance=codespaces-ee95ce scope=dapr.runtime type=log ver=1.12.2
time="2023-12-03T02:56:55.506720643Z" level=info msg="Component loaded: servicebus-pubsub (pubsub.azure.servicebus.topics/v1)" app_id=tapr-2023-equipe4-matricula-java instance=codespaces-ee95ce scope=dapr.runtime type=log ver=1.12.2
time="2023-12-03T02:56:55.506832772Z" level=info msg="All outstanding components processed" app_id=tapr-2023-equipe4-matricula-java instance=codespaces-ee95ce scope=dapr.runtime type=log ver=1.12.2
time="2023-12-03T02:56:55.506881232Z" level=info msg="Loading endpoints…" app_id=tapr-2023-equipe4-matricula-java instance=codespaces-ee95ce scope=dapr.runtime type=log ver=1.12.2
time="2023-12-03T02:56:55.507107013Z" level=info msg="Waiting for all outstanding http endpoints to be processed…" app_id=tapr-2023-equipe4-matricula-java instance=codespaces-ee95ce scope=dapr.runtime type=log ver=1.12.2
time="2023-12-03T02:56:55.507157758Z" level=info msg="All outstanding http endpoints processed" app_id=tapr-2023-equipe4-matricula-java instance=codespaces-ee95ce scope=dapr.runtime type=log ver=1.12.2
time="2023-12-03T02:56:55.507274476Z" level=info msg="gRPC server listening on TCP address: :45295" app_id=tapr-2023-equipe4-matricula-java instance=codespaces-ee95ce scope=dapr.runtime.grpc.api type=log ver=1.12.2
time="2023-12-03T02:56:55.507318638Z" level=info msg="Enabled gRPC tracing middleware" app_id=tapr-2023-equipe4-matricula-java instance=codespaces-ee95ce scope=dapr.runtime.grpc.api type=log ver=1.12.2
time="2023-12-03T02:56:55.50734685Z" level=info msg="Enabled gRPC metrics middleware" app_id=tapr-2023-equipe4-matricula-java instance=codespaces-ee95ce scope=dapr.runtime.grpc.api type=log ver=1.12.2
time="2023-12-03T02:56:55.509956958Z" level=info msg="Registering workflow engine for gRPC endpoint: [::]:45295" app_id=tapr-2023-equipe4-matricula-java instance=codespaces-ee95ce scope=dapr.runtime.grpc.api type=log ver=1.12.2
time="2023-12-03T02:56:55.510024063Z" level=info msg="API gRPC server is running on port 45295" app_id=tapr-2023-equipe4-matricula-java instance=codespaces-ee95ce scope=dapr.runtime type=log ver=1.12.2
time="2023-12-03T02:56:55.510090026Z" level=info msg="Enabled max body size HTTP middleware with size 4 MB" app_id=tapr-2023-equipe4-matricula-java instance=codespaces-ee95ce scope=dapr.runtime.http type=log ver=1.12.2
time="2023-12-03T02:56:55.51011881Z" level=info msg="Enabled tracing HTTP middleware" app_id=tapr-2023-equipe4-matricula-java instance=codespaces-ee95ce scope=dapr.runtime.http type=log ver=1.12.2
time="2023-12-03T02:56:55.510134409Z" level=info msg="Enabled metrics HTTP middleware" app_id=tapr-2023-equipe4-matricula-java instance=codespaces-ee95ce scope=dapr.runtime.http type=log ver=1.12.2
time="2023-12-03T02:56:55.510717486Z" level=info msg="HTTP server listening on TCP address: :41863" app_id=tapr-2023-equipe4-matricula-java instance=codespaces-ee95ce scope=dapr.runtime.http type=log ver=1.12.2
time="2023-12-03T02:56:55.510748153Z" level=info msg="HTTP server is running on port 41863" app_id=tapr-2023-equipe4-matricula-java instance=codespaces-ee95ce scope=dapr.runtime type=log ver=1.12.2
time="2023-12-03T02:56:55.510764133Z" level=info msg="The request body size parameter is: 4" app_id=tapr-2023-equipe4-matricula-java instance=codespaces-ee95ce scope=dapr.runtime type=log ver=1.12.2
time="2023-12-03T02:56:55.510804077Z" level=info msg="gRPC server listening on TCP address: :45317" app_id=tapr-2023-equipe4-matricula-java instance=codespaces-ee95ce scope=dapr.runtime.grpc.internal type=log ver=1.12.2
time="2023-12-03T02:56:55.510835827Z" level=info msg="Enabled gRPC tracing middleware" app_id=tapr-2023-equipe4-matricula-java instance=codespaces-ee95ce scope=dapr.runtime.grpc.internal type=log ver=1.12.2
time="2023-12-03T02:56:55.510856605Z" level=info msg="Enabled gRPC metrics middleware" app_id=tapr-2023-equipe4-matricula-java instance=codespaces-ee95ce scope=dapr.runtime.grpc.internal type=log ver=1.12.2
time="2023-12-03T02:56:55.510904074Z" level=info msg="Internal gRPC server is running on port 45317" app_id=tapr-2023-equipe4-matricula-java instance=codespaces-ee95ce scope=dapr.runtime type=log ver=1.12.2
time="2023-12-03T02:56:55.510990204Z" level=info msg="application protocol: http. waiting on port 8080.  This will block until the app is listening on that port." app_id=tapr-2023-equipe4-matricula-java instance=codespaces-ee95ce scope=dapr.runtime type=log ver=1.12.2
Updating metadata for app command: /usr/lib/jvm/java-1.17.0-openjdk-amd64/bin/java -jar microservmatricula-0.0.1-SNAPSHOT.jar
Updating metadata for appPID: 65508
You're up and running! Dapr logs will appear here.

time="2023-12-03T02:57:05.973268385Z" level=info msg="application discovered on port 8080" app_id=tapr-2023-equipe4-matricula-java instance=codespaces-ee95ce scope=dapr.runtime type=log ver=1.12.2
time="2023-12-03T02:57:06.128048264Z" level=info msg="Application configuration loaded" app_id=tapr-2023-equipe4-matricula-java instance=codespaces-ee95ce scope=dapr.runtime type=log ver=1.12.2
time="2023-12-03T02:57:06.128161966Z" level=info msg="actors: state store is not configured - this is okay for clients but services with hosted actors will fail to initialize!" app_id=tapr-2023-equipe4-matricula-java instance=codespaces-ee95ce scope=dapr.runtime type=log ver=1.12.2
time="2023-12-03T02:57:06.1282606Z" level=info msg="Actor runtime started. Actor idle timeout: 1h0m0s. Actor scan interval: 30s" app_id=tapr-2023-equipe4-matricula-java instance=codespaces-ee95ce scope=dapr.runtime.actor type=log ver=1.12.2
time="2023-12-03T02:57:06.129400485Z" level=info msg="Configuring workflow engine with actors backend" app_id=tapr-2023-equipe4-matricula-java instance=codespaces-ee95ce scope=dapr.runtime.wfengine type=log ver=1.12.2
time="2023-12-03T02:57:06.129465977Z" level=info msg="Registering component for dapr workflow engine..." app_id=tapr-2023-equipe4-matricula-java instance=codespaces-ee95ce scope=dapr.runtime type=log ver=1.12.2
time="2023-12-03T02:57:06.129518495Z" level=info msg="Initializing Dapr workflow component" app_id=tapr-2023-equipe4-matricula-java component="dapr (workflow.dapr/v1)" instance=codespaces-ee95ce scope=dapr.contrib type=log ver=1.12.2
time="2023-12-03T02:57:06.202913391Z" level=info msg="Placement tables updated, version: 0" app_id=tapr-2023-equipe4-matricula-java instance=codespaces-ee95ce scope=dapr.runtime.actors.placement type=log ver=1.12.2
time="2023-12-03T02:57:06.204885206Z" level=info msg="app is subscribed to the following topics: [topico-equipe-4-curso] through pubsub=servicebus-pubsub" app_id=tapr-2023-equipe4-matricula-java instance=codespaces-ee95ce scope=dapr.runtime.processor.pubsub type=log ver=1.12.2
time="2023-12-03T02:57:12.563054227Z" level=warning msg="failed to subscribe to topics: error occurred while beginning pubsub servicebus-pubsub: error occurred while beginning pubsub for topic topico-equipe-4-curso on component servicebus-pubsub: failed to subscribe to topic topico-equipe-4-curso: could not create subscription tapr-2023-equipe4-matricula-java: PUT https://tapr2023.servicebus.windows.net/topico-equipe-4-curso/Subscriptions/tapr-2023-equipe4-matricula-java\n--------------------------------------------------------------------------------\nRESPONSE 409: 409 Conflict\nERROR CODE: 409\n--------------------------------------------------------------------------------\n<Error><Code>409</Code><Detail>The messaging entity 'tapr2023:Topic:topico-equipe-4-curso|tapr-2023-equipe4-matricula-java' already exists. To know more visit https://aka.ms/sbResourceMgrExceptions.  TrackingId:f72781d5-d22c-4cd1-8f17-336d76043851_B31, SystemTracker:NoSystemTracker, Timestamp:2023-12-03T02:57:11</Detail></Error>\n--------------------------------------------------------------------------------\n " app_id=tapr-2023-equipe4-matricula-java instance=codespaces-ee95ce scope=dapr.runtime type=log ver=1.12.2
time="2023-12-03T02:57:12.563118297Z" level=info msg="dapr initialized. Status: Running. Init Elapsed 20058ms" app_id=tapr-2023-equipe4-matricula-java instance=codespaces-ee95ce scope=dapr.runtime type=log ver=1.12.2
