== APP - tapr-2023-equipe4-matricula-java == 
== APP - tapr-2023-equipe4-matricula-java ==   .   ____          _            __ _ _
== APP - tapr-2023-equipe4-matricula-java ==  /\\ / ___'_ __ _ _(_)_ __  __ _ \ \ \ \
== APP - tapr-2023-equipe4-matricula-java == ( ( )\___ | '_ | '_| | '_ \/ _` | \ \ \ \
== APP - tapr-2023-equipe4-matricula-java ==  \\/  ___)| |_)| | | | | || (_| |  ) ) ) )
== APP - tapr-2023-equipe4-matricula-java ==   '  |____| .__|_| |_|_| |_\__, | / / / /
== APP - tapr-2023-equipe4-matricula-java ==  =========|_|==============|___/=/_/_/_/
== APP - tapr-2023-equipe4-matricula-java ==  :: Spring Boot ::                (v3.1.4)
== APP - tapr-2023-equipe4-matricula-java == 
== APP - tapr-2023-equipe4-matricula-java == 2023-12-02T22:26:02.445Z  INFO 10871 --- [           main] b.e.u.m.MicroservMatriculaApplication    : Starting MicroservMatriculaApplication v0.0.1-SNAPSHOT using Java 17.0.9 with PID 10871 (/workspaces/tapr-2023-equipe4-matricula-java-/matricula/target/microservmatricula-0.0.1-SNAPSHOT.jar started by codespace in /workspaces/tapr-2023-equipe4-matricula-java-/matricula/target)
== APP - tapr-2023-equipe4-matricula-java == 2023-12-02T22:26:02.450Z  INFO 10871 --- [           main] b.e.u.m.MicroservMatriculaApplication    : No active profile set, falling back to 1 default profile: "default"
== APP - tapr-2023-equipe4-matricula-java == 2023-12-02T22:26:04.109Z  INFO 10871 --- [           main] .s.d.r.c.RepositoryConfigurationDelegate : Bootstrapping Spring Data cosmos repositories in DEFAULT mode.
== APP - tapr-2023-equipe4-matricula-java == 2023-12-02T22:26:04.309Z  INFO 10871 --- [           main] .s.d.r.c.RepositoryConfigurationDelegate : Finished Spring Data repository scanning in 194 ms. Found 0 cosmos repository interfaces.
== APP - tapr-2023-equipe4-matricula-java == 2023-12-02T22:26:04.324Z  INFO 10871 --- [           main] .s.d.r.c.RepositoryConfigurationDelegate : Bootstrapping Spring Data cosmos repositories in DEFAULT mode.
== APP - tapr-2023-equipe4-matricula-java == 2023-12-02T22:26:04.343Z  INFO 10871 --- [           main] .s.d.r.c.RepositoryConfigurationDelegate : Finished Spring Data repository scanning in 18 ms. Found 1 cosmos repository interfaces.
== APP - tapr-2023-equipe4-matricula-java == 2023-12-02T22:26:05.593Z  INFO 10871 --- [           main] o.s.b.w.embedded.tomcat.TomcatWebServer  : Tomcat initialized with port(s): 8080 (http)
== APP - tapr-2023-equipe4-matricula-java == 2023-12-02T22:26:05.610Z  INFO 10871 --- [           main] o.apache.catalina.core.StandardService   : Starting service [Tomcat]
== APP - tapr-2023-equipe4-matricula-java == 2023-12-02T22:26:05.611Z  INFO 10871 --- [           main] o.apache.catalina.core.StandardEngine    : Starting Servlet engine: [Apache Tomcat/10.1.13]
== APP - tapr-2023-equipe4-matricula-java == 2023-12-02T22:26:05.884Z  INFO 10871 --- [           main] o.a.c.c.C.[Tomcat].[localhost].[/]       : Initializing Spring embedded WebApplicationContext
== APP - tapr-2023-equipe4-matricula-java == 2023-12-02T22:26:05.886Z  INFO 10871 --- [           main] w.s.c.ServletWebServerApplicationContext : Root WebApplicationContext: initialization completed in 3322 ms
== APP - tapr-2023-equipe4-matricula-java == 2023-12-02T22:26:07.450Z  INFO 10871 --- [           main] AbstractAzureServiceClientBuilderFactory : Will configure the default credential of type DefaultAzureCredential for class com.azure.identity.DefaultAzureCredentialBuilder.
== APP - tapr-2023-equipe4-matricula-java == 2023-12-02T22:26:08.028Z  WARN 10871 --- [           main] c.a.s.c.s.i.c.CosmosClientBuilderFactory : Configuration instance is not supported to configure in CosmosClientBuilder
== APP - tapr-2023-equipe4-matricula-java == 2023-12-02T22:26:08.031Z  INFO 10871 --- [           main] AbstractAzureServiceClientBuilderFactory : Will configure the default credential of type DefaultAzureCredential for class com.azure.cosmos.CosmosClientBuilder.
== APP - tapr-2023-equipe4-matricula-java == 2023-12-02T22:26:08.206Z  INFO 10871 --- [           main] c.a.c.i.RxDocumentClientImpl             : Initializing DocumentClient [1] with serviceEndpoint [https://cosmoshenry.documents.azure.com:443/], connectionPolicy [ConnectionPolicy{httpNetworkRequestTimeout=PT1M, tcpNetworkRequestTimeout=PT5S, connectionMode=GATEWAY, maxConnectionPoolSize=1000, idleHttpConnectionTimeout=PT1M, idleTcpConnectionTimeout=PT0S, userAgentSuffix='az-sd-cos/@project.version@az-sp-cos/5.5.0', throttlingRetryOptions=RetryOptions{maxRetryAttemptsOnThrottledRequests=9, maxRetryWaitTime=PT30S}, endpointDiscoveryEnabled=true, preferredRegions=null, multipleWriteRegionsEnabled=true, proxyType=null, inetSocketProxyAddress=null, readRequestsFallbackEnabled=true, connectTimeout=PT5S, idleTcpEndpointTimeout=PT1H, maxConnectionsPerEndpoint=130, maxRequestsPerConnection=30, tcpConnectionEndpointRediscoveryEnabled=true, ioThreadPriority=5, ioThreadCountPerCoreFactor=2, tcpHealthCheckTimeoutDetectionEnabled=true, minConnectionPoolSizePerEndpoint=1, openConnectionsConcurrency=1, aggressiveWarmupConcurrency=2}], consistencyLevel [null], directModeProtocol [Tcp]
== APP - tapr-2023-equipe4-matricula-java == 2023-12-02T22:26:08.568Z  INFO 10871 --- [smos-parallel-1] c.a.c.i.RxDocumentClientImpl             : Getting database account endpoint from https://cosmoshenry.documents.azure.com:443/
== APP - tapr-2023-equipe4-matricula-java == 2023-12-02T22:26:08.622Z  INFO 10871 --- [smos-parallel-1] c.azure.identity.ChainedTokenCredential  : Azure Identity => Attempted credential EnvironmentCredential is unavailable.
== APP - tapr-2023-equipe4-matricula-java == 2023-12-02T22:26:08.624Z  INFO 10871 --- [smos-parallel-1] c.azure.identity.ChainedTokenCredential  : Azure Identity => Attempted credential WorkloadIdentityCredential is unavailable.
== APP - tapr-2023-equipe4-matricula-java == 2023-12-02T22:26:09.242Z  INFO 10871 --- [  az-identity-1] c.azure.identity.ChainedTokenCredential  : Azure Identity => Attempted credential ManagedIdentityCredential is unavailable.
== APP - tapr-2023-equipe4-matricula-java == 2023-12-02T22:26:09.251Z  INFO 10871 --- [  az-identity-2] c.azure.identity.ChainedTokenCredential  : Azure Identity => Attempted credential SharedTokenCacheCredential is unavailable.
== APP - tapr-2023-equipe4-matricula-java == 2023-12-02T22:26:09.597Z  INFO 10871 --- [  az-identity-2] c.azure.identity.ChainedTokenCredential  : Azure Identity => Attempted credential IntelliJCredential is unavailable.
== APP - tapr-2023-equipe4-matricula-java == 2023-12-02T22:26:10.775Z  INFO 10871 --- [  az-identity-2] com.azure.identity.AzureCliCredential    : Azure Identity => getToken() result for scopes [https://cosmoshenry.documents.azure.com/.default]: SUCCESS
== APP - tapr-2023-equipe4-matricula-java == 2023-12-02T22:26:10.777Z  INFO 10871 --- [  az-identity-2] c.azure.identity.ChainedTokenCredential  : Azure Identity => Attempted credential AzureCliCredential returns a token
== APP - tapr-2023-equipe4-matricula-java == 2023-12-02T22:26:10.791Z  INFO 10871 --- [  az-identity-2] c.a.core.credential.SimpleTokenCache     : {"az.sdk.message":"Acquired a new access token"}
== APP - tapr-2023-equipe4-matricula-java == 2023-12-02T22:26:11.685Z  INFO 10871 --- [           main] com.azure.cosmos.CosmosClientBuilder     : Cosmos Client with (Correlation) ID [00001] started up in [3637] ms with the following configuration: serviceEndpoint [https://cosmoshenry.documents.azure.com:443/], preferredRegions [[]], connectionPolicy [ConnectionPolicy{httpNetworkRequestTimeout=PT1M, tcpNetworkRequestTimeout=PT5S, connectionMode=GATEWAY, maxConnectionPoolSize=1000, idleHttpConnectionTimeout=PT1M, idleTcpConnectionTimeout=PT0S, userAgentSuffix='az-sd-cos/@project.version@az-sp-cos/5.5.0', throttlingRetryOptions=RetryOptions{maxRetryAttemptsOnThrottledRequests=9, maxRetryWaitTime=PT30S}, endpointDiscoveryEnabled=true, preferredRegions=null, multipleWriteRegionsEnabled=true, proxyType=null, inetSocketProxyAddress=null, readRequestsFallbackEnabled=true, connectTimeout=PT5S, idleTcpEndpointTimeout=PT1H, maxConnectionsPerEndpoint=130, maxRequestsPerConnection=30, tcpConnectionEndpointRediscoveryEnabled=true, ioThreadPriority=5, ioThreadCountPerCoreFactor=2, tcpHealthCheckTimeoutDetectionEnabled=true, minConnectionPoolSizePerEndpoint=1, openConnectionsConcurrency=1, aggressiveWarmupConcurrency=2}], consistencyLevel [null], contentResponseOnWriteEnabled [true], sessionCapturingOverride [false], connectionSharingAcrossClients [false], clientTelemetryEnabled [false], proactiveContainerInit [null], diagnostics [{samplingRate=1.0, thresholds={pointOperationLatencyThreshold=PT1S, nonPointOperationLatencyThreshold=PT3S, requestChargeThreshold=1000.0, payloadSizeInBytesThreshold=2147483647, customFailureHandler=false}, clientCorrelationId=null, clientTelemetryEnabled=false, clientMetricsEnabled=false, transportLevelTracingEnabled=false, customTracerProvided=false, customDiagnosticHandlers=()}], tracing [false, false]
== APP - tapr-2023-equipe4-matricula-java == 2023-12-02T22:26:12.917Z  INFO 10871 --- [           main] c.a.c.i.RxDocumentClientImpl             : Initializing DocumentClient [2] with serviceEndpoint [https://cosmoshenry.documents.azure.com:443/], connectionPolicy [ConnectionPolicy{httpNetworkRequestTimeout=PT1M, tcpNetworkRequestTimeout=PT5S, connectionMode=GATEWAY, maxConnectionPoolSize=1000, idleHttpConnectionTimeout=PT1M, idleTcpConnectionTimeout=PT0S, userAgentSuffix='az-sd-cos/@project.version@az-sp-cos/5.5.0', throttlingRetryOptions=RetryOptions{maxRetryAttemptsOnThrottledRequests=9, maxRetryWaitTime=PT30S}, endpointDiscoveryEnabled=true, preferredRegions=null, multipleWriteRegionsEnabled=true, proxyType=null, inetSocketProxyAddress=null, readRequestsFallbackEnabled=true, connectTimeout=PT5S, idleTcpEndpointTimeout=PT1H, maxConnectionsPerEndpoint=130, maxRequestsPerConnection=30, tcpConnectionEndpointRediscoveryEnabled=true, ioThreadPriority=5, ioThreadCountPerCoreFactor=2, tcpHealthCheckTimeoutDetectionEnabled=true, minConnectionPoolSizePerEndpoint=1, openConnectionsConcurrency=1, aggressiveWarmupConcurrency=2}], consistencyLevel [null], directModeProtocol [Tcp]
== APP - tapr-2023-equipe4-matricula-java == 2023-12-02T22:26:12.919Z  INFO 10871 --- [smos-parallel-1] c.a.c.i.RxDocumentClientImpl             : Getting database account endpoint from https://cosmoshenry.documents.azure.com:443/
== APP - tapr-2023-equipe4-matricula-java == 2023-12-02T22:26:12.919Z  INFO 10871 --- [smos-parallel-1] c.azure.identity.ChainedTokenCredential  : Azure Identity => Attempted credential EnvironmentCredential is unavailable.
== APP - tapr-2023-equipe4-matricula-java == 2023-12-02T22:26:12.920Z  INFO 10871 --- [smos-parallel-1] c.azure.identity.ChainedTokenCredential  : Azure Identity => Attempted credential WorkloadIdentityCredential is unavailable.
== APP - tapr-2023-equipe4-matricula-java == 2023-12-02T22:26:13.423Z  INFO 10871 --- [  az-identity-3] c.azure.identity.ChainedTokenCredential  : Azure Identity => Attempted credential ManagedIdentityCredential is unavailable.
== APP - tapr-2023-equipe4-matricula-java == 2023-12-02T22:26:13.425Z  INFO 10871 --- [  az-identity-4] c.azure.identity.ChainedTokenCredential  : Azure Identity => Attempted credential SharedTokenCacheCredential is unavailable.
== APP - tapr-2023-equipe4-matricula-java == 2023-12-02T22:26:13.426Z  INFO 10871 --- [  az-identity-4] c.azure.identity.ChainedTokenCredential  : Azure Identity => Attempted credential IntelliJCredential is unavailable.
== APP - tapr-2023-equipe4-matricula-java == 2023-12-02T22:26:13.935Z  INFO 10871 --- [  az-identity-4] com.azure.identity.AzureCliCredential    : Azure Identity => getToken() result for scopes [https://cosmoshenry.documents.azure.com/.default]: SUCCESS
== APP - tapr-2023-equipe4-matricula-java == 2023-12-02T22:26:13.935Z  INFO 10871 --- [  az-identity-4] c.azure.identity.ChainedTokenCredential  : Azure Identity => Attempted credential AzureCliCredential returns a token
== APP - tapr-2023-equipe4-matricula-java == 2023-12-02T22:26:13.935Z  INFO 10871 --- [  az-identity-4] c.a.core.credential.SimpleTokenCache     : {"az.sdk.message":"Acquired a new access token"}
== APP - tapr-2023-equipe4-matricula-java == 2023-12-02T22:26:14.418Z  INFO 10871 --- [           main] com.azure.cosmos.CosmosClientBuilder     : Cosmos Client with (Correlation) ID [00002] started up in [1501] ms with the following configuration: serviceEndpoint [https://cosmoshenry.documents.azure.com:443/], preferredRegions [[]], connectionPolicy [ConnectionPolicy{httpNetworkRequestTimeout=PT1M, tcpNetworkRequestTimeout=PT5S, connectionMode=GATEWAY, maxConnectionPoolSize=1000, idleHttpConnectionTimeout=PT1M, idleTcpConnectionTimeout=PT0S, userAgentSuffix='az-sd-cos/@project.version@az-sp-cos/5.5.0', throttlingRetryOptions=RetryOptions{maxRetryAttemptsOnThrottledRequests=9, maxRetryWaitTime=PT30S}, endpointDiscoveryEnabled=true, preferredRegions=null, multipleWriteRegionsEnabled=true, proxyType=null, inetSocketProxyAddress=null, readRequestsFallbackEnabled=true, connectTimeout=PT5S, idleTcpEndpointTimeout=PT1H, maxConnectionsPerEndpoint=130, maxRequestsPerConnection=30, tcpConnectionEndpointRediscoveryEnabled=true, ioThreadPriority=5, ioThreadCountPerCoreFactor=2, tcpHealthCheckTimeoutDetectionEnabled=true, minConnectionPoolSizePerEndpoint=1, openConnectionsConcurrency=1, aggressiveWarmupConcurrency=2}], consistencyLevel [null], contentResponseOnWriteEnabled [true], sessionCapturingOverride [false], connectionSharingAcrossClients [false], clientTelemetryEnabled [false], proactiveContainerInit [null], diagnostics [{samplingRate=1.0, thresholds={pointOperationLatencyThreshold=PT1S, nonPointOperationLatencyThreshold=PT3S, requestChargeThreshold=1000.0, payloadSizeInBytesThreshold=2147483647, customFailureHandler=false}, clientCorrelationId=null, clientTelemetryEnabled=false, clientMetricsEnabled=false, transportLevelTracingEnabled=false, customTracerProvided=false, customDiagnosticHandlers=()}], tracing [false, false]
== APP - tapr-2023-equipe4-matricula-java == 2023-12-02T22:26:14.436Z  INFO 10871 --- [           main] c.a.c.i.RxDocumentClientImpl             : Initializing DocumentClient [3] with serviceEndpoint [https://cosmoshenry.documents.azure.com:443/], connectionPolicy [ConnectionPolicy{httpNetworkRequestTimeout=PT1M, tcpNetworkRequestTimeout=PT5S, connectionMode=GATEWAY, maxConnectionPoolSize=1000, idleHttpConnectionTimeout=PT1M, idleTcpConnectionTimeout=PT0S, userAgentSuffix='az-sd-cos/@project.version@az-sp-cos/5.5.0', throttlingRetryOptions=RetryOptions{maxRetryAttemptsOnThrottledRequests=9, maxRetryWaitTime=PT30S}, endpointDiscoveryEnabled=true, preferredRegions=null, multipleWriteRegionsEnabled=true, proxyType=null, inetSocketProxyAddress=null, readRequestsFallbackEnabled=true, connectTimeout=PT5S, idleTcpEndpointTimeout=PT1H, maxConnectionsPerEndpoint=130, maxRequestsPerConnection=30, tcpConnectionEndpointRediscoveryEnabled=true, ioThreadPriority=5, ioThreadCountPerCoreFactor=2, tcpHealthCheckTimeoutDetectionEnabled=true, minConnectionPoolSizePerEndpoint=1, openConnectionsConcurrency=1, aggressiveWarmupConcurrency=2}], consistencyLevel [null], directModeProtocol [Tcp]
== APP - tapr-2023-equipe4-matricula-java == 2023-12-02T22:26:14.437Z  INFO 10871 --- [smos-parallel-1] c.a.c.i.RxDocumentClientImpl             : Getting database account endpoint from https://cosmoshenry.documents.azure.com:443/
== APP - tapr-2023-equipe4-matricula-java == 2023-12-02T22:26:14.437Z  INFO 10871 --- [smos-parallel-1] c.azure.identity.ChainedTokenCredential  : Azure Identity => Attempted credential EnvironmentCredential is unavailable.
== APP - tapr-2023-equipe4-matricula-java == 2023-12-02T22:26:14.438Z  INFO 10871 --- [smos-parallel-1] c.azure.identity.ChainedTokenCredential  : Azure Identity => Attempted credential WorkloadIdentityCredential is unavailable.
== APP - tapr-2023-equipe4-matricula-java == 2023-12-02T22:26:14.941Z  INFO 10871 --- [  az-identity-5] c.azure.identity.ChainedTokenCredential  : Azure Identity => Attempted credential ManagedIdentityCredential is unavailable.
== APP - tapr-2023-equipe4-matricula-java == 2023-12-02T22:26:14.942Z  INFO 10871 --- [  az-identity-6] c.azure.identity.ChainedTokenCredential  : Azure Identity => Attempted credential SharedTokenCacheCredential is unavailable.
== APP - tapr-2023-equipe4-matricula-java == 2023-12-02T22:26:14.942Z  INFO 10871 --- [  az-identity-6] c.azure.identity.ChainedTokenCredential  : Azure Identity => Attempted credential IntelliJCredential is unavailable.
== APP - tapr-2023-equipe4-matricula-java == 2023-12-02T22:26:15.450Z  INFO 10871 --- [  az-identity-6] com.azure.identity.AzureCliCredential    : Azure Identity => getToken() result for scopes [https://cosmoshenry.documents.azure.com/.default]: SUCCESS
== APP - tapr-2023-equipe4-matricula-java == 2023-12-02T22:26:15.450Z  INFO 10871 --- [  az-identity-6] c.azure.identity.ChainedTokenCredential  : Azure Identity => Attempted credential AzureCliCredential returns a token
== APP - tapr-2023-equipe4-matricula-java == 2023-12-02T22:26:15.450Z  INFO 10871 --- [  az-identity-6] c.a.core.credential.SimpleTokenCache     : {"az.sdk.message":"Acquired a new access token"}
== APP - tapr-2023-equipe4-matricula-java == 2023-12-02T22:26:15.933Z  INFO 10871 --- [           main] com.azure.cosmos.CosmosClientBuilder     : Cosmos Client with (Correlation) ID [00003] started up in [1498] ms with the following configuration: serviceEndpoint [https://cosmoshenry.documents.azure.com:443/], preferredRegions [[]], connectionPolicy [ConnectionPolicy{httpNetworkRequestTimeout=PT1M, tcpNetworkRequestTimeout=PT5S, connectionMode=GATEWAY, maxConnectionPoolSize=1000, idleHttpConnectionTimeout=PT1M, idleTcpConnectionTimeout=PT0S, userAgentSuffix='az-sd-cos/@project.version@az-sp-cos/5.5.0', throttlingRetryOptions=RetryOptions{maxRetryAttemptsOnThrottledRequests=9, maxRetryWaitTime=PT30S}, endpointDiscoveryEnabled=true, preferredRegions=null, multipleWriteRegionsEnabled=true, proxyType=null, inetSocketProxyAddress=null, readRequestsFallbackEnabled=true, connectTimeout=PT5S, idleTcpEndpointTimeout=PT1H, maxConnectionsPerEndpoint=130, maxRequestsPerConnection=30, tcpConnectionEndpointRediscoveryEnabled=true, ioThreadPriority=5, ioThreadCountPerCoreFactor=2, tcpHealthCheckTimeoutDetectionEnabled=true, minConnectionPoolSizePerEndpoint=1, openConnectionsConcurrency=1, aggressiveWarmupConcurrency=2}], consistencyLevel [null], contentResponseOnWriteEnabled [true], sessionCapturingOverride [false], connectionSharingAcrossClients [false], clientTelemetryEnabled [false], proactiveContainerInit [null], diagnostics [{samplingRate=1.0, thresholds={pointOperationLatencyThreshold=PT1S, nonPointOperationLatencyThreshold=PT3S, requestChargeThreshold=1000.0, payloadSizeInBytesThreshold=2147483647, customFailureHandler=false}, clientCorrelationId=null, clientTelemetryEnabled=false, clientMetricsEnabled=false, transportLevelTracingEnabled=false, customTracerProvided=false, customDiagnosticHandlers=()}], tracing [false, false]
== APP - tapr-2023-equipe4-matricula-java == 2023-12-02T22:26:16.199Z  INFO 10871 --- [           main] o.s.b.w.embedded.tomcat.TomcatWebServer  : Tomcat started on port(s): 8080 (http) with context path ''
== APP - tapr-2023-equipe4-matricula-java == 2023-12-02T22:26:16.214Z  INFO 10871 --- [           main] b.e.u.m.MicroservMatriculaApplication    : Started MicroservMatriculaApplication in 14.912 seconds (process running for 17.639)
== APP - tapr-2023-equipe4-matricula-java == 2023-12-02T22:26:16.318Z  INFO 10871 --- [nio-8080-exec-1] o.a.c.c.C.[Tomcat].[localhost].[/]       : Initializing Spring DispatcherServlet 'dispatcherServlet'
== APP - tapr-2023-equipe4-matricula-java == 2023-12-02T22:26:16.319Z  INFO 10871 --- [nio-8080-exec-1] o.s.web.servlet.DispatcherServlet        : Initializing Servlet 'dispatcherServlet'
== APP - tapr-2023-equipe4-matricula-java == 2023-12-02T22:26:16.320Z  INFO 10871 --- [nio-8080-exec-1] o.s.web.servlet.DispatcherServlet        : Completed initialization in 1 ms
== APP - tapr-2023-equipe4-matricula-java == 2023-12-02T22:26:56.707Z  INFO 10871 --- [or-http-epoll-2] c.a.c.i.clienttelemetry.ClientTelemetry  : Client is not on azure vm
== APP - tapr-2023-equipe4-matricula-java == 2023-12-02T22:26:59.464Z  INFO 10871 --- [or-http-epoll-1] c.a.c.i.clienttelemetry.ClientTelemetry  : Client is not on azure vm
== APP - tapr-2023-equipe4-matricula-java == 2023-12-02T22:27:00.950Z  INFO 10871 --- [or-http-epoll-3] c.a.c.i.clienttelemetry.ClientTelemetry  : Client is not on azure vm
== APP - tapr-2023-equipe4-matricula-java == 2023-12-02T22:31:11.652Z  INFO 10871 --- [smos-parallel-2] c.a.c.i.RxDocumentClientImpl             : Getting database account endpoint from https://cosmoshenry.documents.azure.com:443/
== APP - tapr-2023-equipe4-matricula-java == 2023-12-02T22:31:14.416Z  INFO 10871 --- [smos-parallel-2] c.a.c.i.RxDocumentClientImpl             : Getting database account endpoint from https://cosmoshenry.documents.azure.com:443/
== APP - tapr-2023-equipe4-matricula-java == 2023-12-02T22:31:15.932Z  INFO 10871 --- [smos-parallel-2] c.a.c.i.RxDocumentClientImpl             : Getting database account endpoint from https://cosmoshenry.documents.azure.com:443/
== APP - tapr-2023-equipe4-matricula-java == 2023-12-02T22:36:12.148Z  INFO 10871 --- [smos-parallel-1] c.a.c.i.RxDocumentClientImpl             : Getting database account endpoint from https://cosmoshenry.documents.azure.com:443/
== APP - tapr-2023-equipe4-matricula-java == 2023-12-02T22:36:14.895Z  INFO 10871 --- [smos-parallel-2] c.a.c.i.RxDocumentClientImpl             : Getting database account endpoint from https://cosmoshenry.documents.azure.com:443/
== APP - tapr-2023-equipe4-matricula-java == 2023-12-02T22:36:16.409Z  INFO 10871 --- [smos-parallel-1] c.a.c.i.RxDocumentClientImpl             : Getting database account endpoint from https://cosmoshenry.documents.azure.com:443/
== APP - tapr-2023-equipe4-matricula-java == 2023-12-02T22:41:12.640Z  INFO 10871 --- [smos-parallel-2] c.a.c.i.RxDocumentClientImpl             : Getting database account endpoint from https://cosmoshenry.documents.azure.com:443/
== APP - tapr-2023-equipe4-matricula-java == 2023-12-02T22:41:15.371Z  INFO 10871 --- [smos-parallel-1] c.a.c.i.RxDocumentClientImpl             : Getting database account endpoint from https://cosmoshenry.documents.azure.com:443/
== APP - tapr-2023-equipe4-matricula-java == 2023-12-02T22:41:16.886Z  INFO 10871 --- [smos-parallel-2] c.a.c.i.RxDocumentClientImpl             : Getting database account endpoint from https://cosmoshenry.documents.azure.com:443/
== APP - tapr-2023-equipe4-matricula-java == 2023-12-02T22:46:13.126Z  INFO 10871 --- [smos-parallel-1] c.a.c.i.RxDocumentClientImpl             : Getting database account endpoint from https://cosmoshenry.documents.azure.com:443/
== APP - tapr-2023-equipe4-matricula-java == 2023-12-02T22:46:15.855Z  INFO 10871 --- [smos-parallel-2] c.a.c.i.RxDocumentClientImpl             : Getting database account endpoint from https://cosmoshenry.documents.azure.com:443/
== APP - tapr-2023-equipe4-matricula-java == 2023-12-02T22:46:17.365Z  INFO 10871 --- [smos-parallel-1] c.a.c.i.RxDocumentClientImpl             : Getting database account endpoint from https://cosmoshenry.documents.azure.com:443/
== APP - tapr-2023-equipe4-matricula-java == 2023-12-02T22:51:13.611Z  INFO 10871 --- [smos-parallel-2] c.a.c.i.RxDocumentClientImpl             : Getting database account endpoint from https://cosmoshenry.documents.azure.com:443/
== APP - tapr-2023-equipe4-matricula-java == 2023-12-02T22:51:16.333Z  INFO 10871 --- [smos-parallel-1] c.a.c.i.RxDocumentClientImpl             : Getting database account endpoint from https://cosmoshenry.documents.azure.com:443/
== APP - tapr-2023-equipe4-matricula-java == 2023-12-02T22:51:17.844Z  INFO 10871 --- [smos-parallel-2] c.a.c.i.RxDocumentClientImpl             : Getting database account endpoint from https://cosmoshenry.documents.azure.com:443/
== APP - tapr-2023-equipe4-matricula-java == 2023-12-02T22:56:14.097Z  INFO 10871 --- [smos-parallel-1] c.a.c.i.RxDocumentClientImpl             : Getting database account endpoint from https://cosmoshenry.documents.azure.com:443/
== APP - tapr-2023-equipe4-matricula-java == 2023-12-02T22:56:16.817Z  INFO 10871 --- [smos-parallel-2] c.a.c.i.RxDocumentClientImpl             : Getting database account endpoint from https://cosmoshenry.documents.azure.com:443/
== APP - tapr-2023-equipe4-matricula-java == 2023-12-02T22:56:18.323Z  INFO 10871 --- [smos-parallel-1] c.a.c.i.RxDocumentClientImpl             : Getting database account endpoint from https://cosmoshenry.documents.azure.com:443/
== APP - tapr-2023-equipe4-matricula-java == 2023-12-02T23:01:14.588Z  INFO 10871 --- [smos-parallel-2] c.a.c.i.RxDocumentClientImpl             : Getting database account endpoint from https://cosmoshenry.documents.azure.com:443/
== APP - tapr-2023-equipe4-matricula-java == 2023-12-02T23:01:17.303Z  INFO 10871 --- [smos-parallel-1] c.a.c.i.RxDocumentClientImpl             : Getting database account endpoint from https://cosmoshenry.documents.azure.com:443/
== APP - tapr-2023-equipe4-matricula-java == 2023-12-02T23:01:18.801Z  INFO 10871 --- [smos-parallel-2] c.a.c.i.RxDocumentClientImpl             : Getting database account endpoint from https://cosmoshenry.documents.azure.com:443/
== APP - tapr-2023-equipe4-matricula-java == 2023-12-02T23:06:15.078Z  INFO 10871 --- [smos-parallel-1] c.a.c.i.RxDocumentClientImpl             : Getting database account endpoint from https://cosmoshenry.documents.azure.com:443/
== APP - tapr-2023-equipe4-matricula-java == 2023-12-02T23:06:17.784Z  INFO 10871 --- [smos-parallel-2] c.a.c.i.RxDocumentClientImpl             : Getting database account endpoint from https://cosmoshenry.documents.azure.com:443/
== APP - tapr-2023-equipe4-matricula-java == 2023-12-02T23:06:19.275Z  INFO 10871 --- [smos-parallel-1] c.a.c.i.RxDocumentClientImpl             : Getting database account endpoint from https://cosmoshenry.documents.azure.com:443/
