Starting Dapr with id tapr-2023-equipe4-matricula-java. HTTP Port: 45625. gRPC Port: 42971
Updating metadata for cliPID: 80587
time="2023-12-03T03:11:07.987562255Z" level=info msg="Starting Dapr Runtime -- version 1.12.2 -- commit f954254ed520409602024ea6d507d0405afa1f07" app_id=tapr-2023-equipe4-matricula-java instance=codespaces-ee95ce scope=dapr.runtime type=log ver=1.12.2
time="2023-12-03T03:11:07.987838911Z" level=info msg="Log level set to: info" app_id=tapr-2023-equipe4-matricula-java instance=codespaces-ee95ce scope=dapr.runtime type=log ver=1.12.2
time="2023-12-03T03:11:07.988505514Z" level=warning msg="mTLS is disabled. Skipping certificate request and tls validation" app_id=tapr-2023-equipe4-matricula-java instance=codespaces-ee95ce scope=dapr.runtime.security type=log ver=1.12.2
time="2023-12-03T03:11:07.9902893Z" level=info msg="metrics server started on :35993/" app_id=tapr-2023-equipe4-matricula-java instance=codespaces-ee95ce scope=dapr.runtime type=log ver=1.12.2
time="2023-12-03T03:11:07.990577397Z" level=info msg="standalone mode configured" app_id=tapr-2023-equipe4-matricula-java instance=codespaces-ee95ce scope=dapr.runtime type=log ver=1.12.2
time="2023-12-03T03:11:07.990632259Z" level=info msg="app id: tapr-2023-equipe4-matricula-java" app_id=tapr-2023-equipe4-matricula-java instance=codespaces-ee95ce scope=dapr.runtime type=log ver=1.12.2
time="2023-12-03T03:11:07.990705185Z" level=info msg="Dapr trace sampler initialized: DaprTraceSampler(P=1.000000)" app_id=tapr-2023-equipe4-matricula-java instance=codespaces-ee95ce scope=dapr.runtime type=log ver=1.12.2
time="2023-12-03T03:11:07.99138351Z" level=info msg="local service entry announced: tapr-2023-equipe4-matricula-java -> 172.16.5.4:43647" app_id=tapr-2023-equipe4-matricula-java component="mdns (nameResolution/v1)" instance=codespaces-ee95ce scope=dapr.contrib type=log ver=1.12.2
time="2023-12-03T03:11:07.991427382Z" level=info msg="Initialized name resolution to mdns" app_id=tapr-2023-equipe4-matricula-java instance=codespaces-ee95ce scope=dapr.runtime type=log ver=1.12.2
time="2023-12-03T03:11:07.991500238Z" level=info msg="Loading components…" app_id=tapr-2023-equipe4-matricula-java instance=codespaces-ee95ce scope=dapr.runtime type=log ver=1.12.2
time="2023-12-03T03:11:07.992832261Z" level=info msg="Waiting for all outstanding components to be processed…" app_id=tapr-2023-equipe4-matricula-java instance=codespaces-ee95ce scope=dapr.runtime type=log ver=1.12.2
time="2023-12-03T03:11:10.994247244Z" level=info msg="Component loaded: servicebus-pubsub (pubsub.azure.servicebus.topics/v1)" app_id=tapr-2023-equipe4-matricula-java instance=codespaces-ee95ce scope=dapr.runtime type=log ver=1.12.2
time="2023-12-03T03:11:10.99433063Z" level=info msg="All outstanding components processed" app_id=tapr-2023-equipe4-matricula-java instance=codespaces-ee95ce scope=dapr.runtime type=log ver=1.12.2
time="2023-12-03T03:11:10.994351699Z" level=info msg="Loading endpoints…" app_id=tapr-2023-equipe4-matricula-java instance=codespaces-ee95ce scope=dapr.runtime type=log ver=1.12.2
time="2023-12-03T03:11:10.99458266Z" level=info msg="Waiting for all outstanding http endpoints to be processed…" app_id=tapr-2023-equipe4-matricula-java instance=codespaces-ee95ce scope=dapr.runtime type=log ver=1.12.2
time="2023-12-03T03:11:10.994622675Z" level=info msg="All outstanding http endpoints processed" app_id=tapr-2023-equipe4-matricula-java instance=codespaces-ee95ce scope=dapr.runtime type=log ver=1.12.2
time="2023-12-03T03:11:10.994738591Z" level=info msg="gRPC server listening on TCP address: :42971" app_id=tapr-2023-equipe4-matricula-java instance=codespaces-ee95ce scope=dapr.runtime.grpc.api type=log ver=1.12.2
time="2023-12-03T03:11:10.994777483Z" level=info msg="Enabled gRPC tracing middleware" app_id=tapr-2023-equipe4-matricula-java instance=codespaces-ee95ce scope=dapr.runtime.grpc.api type=log ver=1.12.2
time="2023-12-03T03:11:10.994803472Z" level=info msg="Enabled gRPC metrics middleware" app_id=tapr-2023-equipe4-matricula-java instance=codespaces-ee95ce scope=dapr.runtime.grpc.api type=log ver=1.12.2
time="2023-12-03T03:11:10.994908457Z" level=info msg="Registering workflow engine for gRPC endpoint: [::]:42971" app_id=tapr-2023-equipe4-matricula-java instance=codespaces-ee95ce scope=dapr.runtime.grpc.api type=log ver=1.12.2
time="2023-12-03T03:11:10.994977476Z" level=info msg="API gRPC server is running on port 42971" app_id=tapr-2023-equipe4-matricula-java instance=codespaces-ee95ce scope=dapr.runtime type=log ver=1.12.2
time="2023-12-03T03:11:10.995051995Z" level=info msg="Enabled max body size HTTP middleware with size 4 MB" app_id=tapr-2023-equipe4-matricula-java instance=codespaces-ee95ce scope=dapr.runtime.http type=log ver=1.12.2
time="2023-12-03T03:11:10.995083434Z" level=info msg="Enabled tracing HTTP middleware" app_id=tapr-2023-equipe4-matricula-java instance=codespaces-ee95ce scope=dapr.runtime.http type=log ver=1.12.2
time="2023-12-03T03:11:10.995106987Z" level=info msg="Enabled metrics HTTP middleware" app_id=tapr-2023-equipe4-matricula-java instance=codespaces-ee95ce scope=dapr.runtime.http type=log ver=1.12.2
time="2023-12-03T03:11:10.995976579Z" level=info msg="HTTP server listening on TCP address: :45625" app_id=tapr-2023-equipe4-matricula-java instance=codespaces-ee95ce scope=dapr.runtime.http type=log ver=1.12.2
time="2023-12-03T03:11:10.996029297Z" level=info msg="HTTP server is running on port 45625" app_id=tapr-2023-equipe4-matricula-java instance=codespaces-ee95ce scope=dapr.runtime type=log ver=1.12.2
time="2023-12-03T03:11:10.996058953Z" level=info msg="The request body size parameter is: 4" app_id=tapr-2023-equipe4-matricula-java instance=codespaces-ee95ce scope=dapr.runtime type=log ver=1.12.2
time="2023-12-03T03:11:10.996112092Z" level=info msg="gRPC server listening on TCP address: :43647" app_id=tapr-2023-equipe4-matricula-java instance=codespaces-ee95ce scope=dapr.runtime.grpc.internal type=log ver=1.12.2
time="2023-12-03T03:11:10.996144362Z" level=info msg="Enabled gRPC tracing middleware" app_id=tapr-2023-equipe4-matricula-java instance=codespaces-ee95ce scope=dapr.runtime.grpc.internal type=log ver=1.12.2
time="2023-12-03T03:11:10.996167164Z" level=info msg="Enabled gRPC metrics middleware" app_id=tapr-2023-equipe4-matricula-java instance=codespaces-ee95ce scope=dapr.runtime.grpc.internal type=log ver=1.12.2
time="2023-12-03T03:11:10.996209122Z" level=info msg="Internal gRPC server is running on port 43647" app_id=tapr-2023-equipe4-matricula-java instance=codespaces-ee95ce scope=dapr.runtime type=log ver=1.12.2
time="2023-12-03T03:11:10.99628837Z" level=info msg="application protocol: http. waiting on port 8080.  This will block until the app is listening on that port." app_id=tapr-2023-equipe4-matricula-java instance=codespaces-ee95ce scope=dapr.runtime type=log ver=1.12.2
Updating metadata for app command: /usr/lib/jvm/java-1.17.0-openjdk-amd64/bin/java -jar microservmatricula-0.0.1-SNAPSHOT.jar
Updating metadata for appPID: 80601
You're up and running! Dapr logs will appear here.

time="2023-12-03T03:11:21.064864018Z" level=info msg="application discovered on port 8080" app_id=tapr-2023-equipe4-matricula-java instance=codespaces-ee95ce scope=dapr.runtime type=log ver=1.12.2
time="2023-12-03T03:11:21.166609634Z" level=info msg="Application configuration loaded" app_id=tapr-2023-equipe4-matricula-java instance=codespaces-ee95ce scope=dapr.runtime type=log ver=1.12.2
time="2023-12-03T03:11:21.166666239Z" level=info msg="actors: state store is not configured - this is okay for clients but services with hosted actors will fail to initialize!" app_id=tapr-2023-equipe4-matricula-java instance=codespaces-ee95ce scope=dapr.runtime type=log ver=1.12.2
time="2023-12-03T03:11:21.166741099Z" level=info msg="Actor runtime started. Actor idle timeout: 1h0m0s. Actor scan interval: 30s" app_id=tapr-2023-equipe4-matricula-java instance=codespaces-ee95ce scope=dapr.runtime.actor type=log ver=1.12.2
time="2023-12-03T03:11:21.166776515Z" level=info msg="Configuring workflow engine with actors backend" app_id=tapr-2023-equipe4-matricula-java instance=codespaces-ee95ce scope=dapr.runtime.wfengine type=log ver=1.12.2
time="2023-12-03T03:11:21.166819035Z" level=info msg="Registering component for dapr workflow engine..." app_id=tapr-2023-equipe4-matricula-java instance=codespaces-ee95ce scope=dapr.runtime type=log ver=1.12.2
time="2023-12-03T03:11:21.166851124Z" level=info msg="Initializing Dapr workflow component" app_id=tapr-2023-equipe4-matricula-java component="dapr (workflow.dapr/v1)" instance=codespaces-ee95ce scope=dapr.contrib type=log ver=1.12.2
time="2023-12-03T03:11:21.180238013Z" level=info msg="Placement tables updated, version: 0" app_id=tapr-2023-equipe4-matricula-java instance=codespaces-ee95ce scope=dapr.runtime.actors.placement type=log ver=1.12.2
time="2023-12-03T03:11:21.219375285Z" level=info msg="app is subscribed to the following topics: [topico-equipe-4-curso] through pubsub=servicebus-pubsub" app_id=tapr-2023-equipe4-matricula-java instance=codespaces-ee95ce scope=dapr.runtime.processor.pubsub type=log ver=1.12.2
time="2023-12-03T03:11:24.077673526Z" level=info msg="dapr initialized. Status: Running. Init Elapsed 16087ms" app_id=tapr-2023-equipe4-matricula-java instance=codespaces-ee95ce scope=dapr.runtime type=log ver=1.12.2
